Design Assistant report for finalprojectverilog
Mon Mar 12 15:02:46 2018
Quartus Prime Version 17.1.0 Build 590 10/25/2017 SJ Lite Edition


---------------------
; Table of Contents ;
---------------------
  1. Legal Notice
  2. Design Assistant Summary
  3. Design Assistant Settings
  4. Medium Violations
  5. Information only Violations
  6. Design Assistant Messages



----------------
; Legal Notice ;
----------------
Copyright (C) 2017  Intel Corporation. All rights reserved.
Your use of Intel Corporation's design tools, logic functions 
and other software and tools, and its AMPP partner logic 
functions, and any output files from any of the foregoing 
(including device programming or simulation files), and any 
associated documentation or information are expressly subject 
to the terms and conditions of the Intel Program License 
Subscription Agreement, the Intel Quartus Prime License Agreement,
the Intel FPGA IP License Agreement, or other applicable license
agreement, including, without limitation, that your use is for
the sole purpose of programming logic devices manufactured by
Intel and sold by Intel or its authorized distributors.  Please
refer to the applicable agreement for further details.



+-------------------------------------------------------------------------+
; Design Assistant Summary                                                ;
+-----------------------------------+-------------------------------------+
; Design Assistant Status           ; Analyzed - Mon Mar 12 15:02:46 2018 ;
; Revision Name                     ; finalprojectverilog                 ;
; Top-level Entity Name             ; project                             ;
; Family                            ; Cyclone IV E                        ;
; Total Critical Violations         ; 0                                   ;
; Total High Violations             ; 0                                   ;
; Total Medium Violations           ; 1                                   ;
; - Rule R102                       ; 1                                   ;
; Total Information only Violations ; 52                                  ;
; - Rule T101                       ; 2                                   ;
; - Rule T102                       ; 50                                  ;
+-----------------------------------+-------------------------------------+


+--------------------------------------------------------------------------------------------------------------------------------------------------------------------------------------------+
; Design Assistant Settings                                                                                                                                                                  ;
+----------------------------------------------------------------------------------------------------------------------------------------------------------------------+----------------+----+
; Option                                                                                                                                                               ; Setting        ; To ;
+----------------------------------------------------------------------------------------------------------------------------------------------------------------------+----------------+----+
; Design Assistant mode                                                                                                                                                ; Post-Synthesis ;    ;
; Threshold value for clock net not mapped to clock spines rule                                                                                                        ; 25             ;    ;
; Minimum number of clock port feed by gated clocks                                                                                                                    ; 30             ;    ;
; Minimum number of node fan-out                                                                                                                                       ; 30             ;    ;
; Maximum number of nodes to report                                                                                                                                    ; 50             ;    ;
; Rule C101: Gated clock should be implemented according to the Intel FPGA standard scheme                                                                             ; On             ;    ;
; Rule C102: Logic cell should not be used to generate an inverted clock signal                                                                                        ; On             ;    ;
; Rule C103: Gated clock does not feed at least a pre-defined number of clock ports to effectively save power                                                          ; On             ;    ;
; Rule C104: Clock signal source should drive only clock input ports                                                                                                   ; On             ;    ;
; Rule C105: Clock signal should be a global signal                                                                                                                    ; On             ;    ;
; Rule C106: Clock signal source should not drive registers triggered by different clock edges                                                                         ; On             ;    ;
; Rule R101: Combinational logic used as a reset signal should be synchronized                                                                                         ; On             ;    ;
; Rule R102: External reset signals should be synchronized using two cascaded registers                                                                                ; On             ;    ;
; Rule R103: External reset signal should be correctly synchronized                                                                                                    ; On             ;    ;
; Rule R104: The reset signal that is generated in one clock domain and used in another clock domain should be correctly synchronized                                  ; On             ;    ;
; Rule R105: The reset signal that is generated in one clock domain and used in another clock domain should be synchronized                                            ; On             ;    ;
; Rule T101: Nodes with more than the specified number of fan-outs                                                                                                     ; On             ;    ;
; Rule T102: Top nodes with the highest number of fan-outs                                                                                                             ; On             ;    ;
; Rule A101: Design should not contain combinational loops                                                                                                             ; On             ;    ;
; Rule A102: Register output should not drive its own control signal directly or through combinational logic                                                           ; On             ;    ;
; Rule A103: Design should not contain delay chains                                                                                                                    ; On             ;    ;
; Rule A104: Design should not contain ripple clock structures                                                                                                         ; On             ;    ;
; Rule A105: Pulses should not be implemented asynchronously                                                                                                           ; On             ;    ;
; Rule A106: Multiple pulses should not be generated in design                                                                                                         ; On             ;    ;
; Rule A107: Design should not contain SR latches                                                                                                                      ; On             ;    ;
; Rule A108: Design should not contain latches                                                                                                                         ; On             ;    ;
; Rule S101: Output enable and input of the same tri-state node should not be driven by same signal source                                                             ; On             ;    ;
; Rule S102: Synchronous port and asynchronous port of the same register should not be driven by the same signal source                                                ; On             ;    ;
; Rule S103: More than one asynchronous port of a register should not be driven by the same signal source                                                              ; On             ;    ;
; Rule S104: Clock port and any other port of a register should not be driven by the same signal source                                                                ; On             ;    ;
; Rule D101: Data bits are not synchronized when transferred between asynchronous clock domains                                                                        ; On             ;    ;
; Rule D102: Multiple data bits that are transferred across asynchronous clock domains are synchronized, but not all bits may be aligned in the receiving clock domain ; On             ;    ;
; Rule D103: Data bits are not correctly synchronized when transferred between asynchronous clock domains                                                              ; On             ;    ;
+----------------------------------------------------------------------------------------------------------------------------------------------------------------------+----------------+----+


+-----------------------------------------------------------------------------------------------------------------------------------------------+
; Medium Violations                                                                                                                             ;
+---------------------------------------------------------------------------------------+-------------------------------------------------------+
; Rule name                                                                             ; Name                                                  ;
+---------------------------------------------------------------------------------------+-------------------------------------------------------+
; Rule R102: External reset signals should be synchronized using two cascaded registers ; KEY[0]                                                ;
;  Reset signal destination node(s) list                                                ; vga_adapter:VGA|vga_controller:controller|xCounter[7] ;
;  Reset signal destination node(s) list                                                ; vga_adapter:VGA|vga_controller:controller|xCounter[0] ;
;  Reset signal destination node(s) list                                                ; vga_adapter:VGA|vga_controller:controller|xCounter[1] ;
;  Reset signal destination node(s) list                                                ; vga_adapter:VGA|vga_controller:controller|xCounter[2] ;
;  Reset signal destination node(s) list                                                ; vga_adapter:VGA|vga_controller:controller|xCounter[3] ;
;  Reset signal destination node(s) list                                                ; vga_adapter:VGA|vga_controller:controller|xCounter[4] ;
;  Reset signal destination node(s) list                                                ; vga_adapter:VGA|vga_controller:controller|xCounter[5] ;
;  Reset signal destination node(s) list                                                ; vga_adapter:VGA|vga_controller:controller|xCounter[8] ;
;  Reset signal destination node(s) list                                                ; vga_adapter:VGA|vga_controller:controller|xCounter[9] ;
;  Reset signal destination node(s) list                                                ; vga_adapter:VGA|vga_controller:controller|xCounter[6] ;
+---------------------------------------------------------------------------------------+-------------------------------------------------------+


+--------------------------------------------------------------------------------------------------------------------------------------------------------------------------------------------+
; Information only Violations                                                                                                                                                                ;
+------------------------------------------------------------------+---------------------------------------------------------------------------------------------------------------+---------+
; Rule name                                                        ; Name                                                                                                          ; Fan-Out ;
+------------------------------------------------------------------+---------------------------------------------------------------------------------------------------------------+---------+
; Rule T101: Nodes with more than the specified number of fan-outs ; vga_adapter:VGA|vga_pll:mypll|altpll:altpll_component|_clk0                                                   ; 40      ;
; Rule T101: Nodes with more than the specified number of fan-outs ; ~GND                                                                                                          ; 123     ;
; Rule T102: Top nodes with the highest number of fan-outs         ; ~GND                                                                                                          ; 123     ;
; Rule T102: Top nodes with the highest number of fan-outs         ; vga_adapter:VGA|vga_pll:mypll|altpll:altpll_component|_clk0                                                   ; 40      ;
; Rule T102: Top nodes with the highest number of fan-outs         ; vga_adapter:VGA|vga_controller:controller|Equal0~2                                                            ; 13      ;
; Rule T102: Top nodes with the highest number of fan-outs         ; vga_adapter:VGA|vga_controller:controller|xCounter[5]                                                         ; 12      ;
; Rule T102: Top nodes with the highest number of fan-outs         ; vga_adapter:VGA|vga_controller:controller|xCounter[3]                                                         ; 12      ;
; Rule T102: Top nodes with the highest number of fan-outs         ; vga_adapter:VGA|vga_controller:controller|xCounter[2]                                                         ; 12      ;
; Rule T102: Top nodes with the highest number of fan-outs         ; vga_adapter:VGA|vga_controller:controller|xCounter[6]                                                         ; 12      ;
; Rule T102: Top nodes with the highest number of fan-outs         ; vga_adapter:VGA|vga_controller:controller|xCounter[4]                                                         ; 12      ;
; Rule T102: Top nodes with the highest number of fan-outs         ; vga_adapter:VGA|altsyncram:VideoMemory|altsyncram_60g1:auto_generated|mux_0nb:mux3|result_node[1]~3           ; 10      ;
; Rule T102: Top nodes with the highest number of fan-outs         ; vga_adapter:VGA|vga_controller:controller|always1~2                                                           ; 10      ;
; Rule T102: Top nodes with the highest number of fan-outs         ; vga_adapter:VGA|altsyncram:VideoMemory|altsyncram_60g1:auto_generated|mux_0nb:mux3|result_node[0]~5           ; 10      ;
; Rule T102: Top nodes with the highest number of fan-outs         ; vga_adapter:VGA|altsyncram:VideoMemory|altsyncram_60g1:auto_generated|mux_0nb:mux3|result_node[2]~1           ; 10      ;
; Rule T102: Top nodes with the highest number of fan-outs         ; vga_adapter:VGA|vga_controller:controller|vga_address_translator:controller_translator|mem_address[9]~8       ; 9       ;
; Rule T102: Top nodes with the highest number of fan-outs         ; vga_adapter:VGA|vga_controller:controller|vga_address_translator:controller_translator|mem_address[7]~4       ; 9       ;
; Rule T102: Top nodes with the highest number of fan-outs         ; vga_adapter:VGA|vga_controller:controller|vga_address_translator:controller_translator|mem_address[6]~2       ; 9       ;
; Rule T102: Top nodes with the highest number of fan-outs         ; vga_adapter:VGA|vga_controller:controller|vga_address_translator:controller_translator|mem_address[10]~10     ; 9       ;
; Rule T102: Top nodes with the highest number of fan-outs         ; vga_adapter:VGA|vga_controller:controller|vga_address_translator:controller_translator|mem_address[8]~6       ; 9       ;
; Rule T102: Top nodes with the highest number of fan-outs         ; vga_adapter:VGA|vga_controller:controller|vga_address_translator:controller_translator|mem_address[11]~12     ; 9       ;
; Rule T102: Top nodes with the highest number of fan-outs         ; vga_adapter:VGA|vga_controller:controller|vga_address_translator:controller_translator|mem_address[5]~0       ; 9       ;
; Rule T102: Top nodes with the highest number of fan-outs         ; vga_adapter:VGA|altsyncram:VideoMemory|altsyncram_60g1:auto_generated|out_address_reg_b[1]                    ; 6       ;
; Rule T102: Top nodes with the highest number of fan-outs         ; vga_adapter:VGA|vga_controller:controller|yCounter[4]                                                         ; 6       ;
; Rule T102: Top nodes with the highest number of fan-outs         ; vga_adapter:VGA|vga_controller:controller|yCounter[5]                                                         ; 6       ;
; Rule T102: Top nodes with the highest number of fan-outs         ; vga_adapter:VGA|vga_controller:controller|vga_address_translator:controller_translator|mem_address[12]~14     ; 6       ;
; Rule T102: Top nodes with the highest number of fan-outs         ; vga_adapter:VGA|vga_controller:controller|yCounter[3]                                                         ; 6       ;
; Rule T102: Top nodes with the highest number of fan-outs         ; vga_adapter:VGA|vga_controller:controller|yCounter[7]                                                         ; 6       ;
; Rule T102: Top nodes with the highest number of fan-outs         ; vga_adapter:VGA|vga_controller:controller|yCounter[2]                                                         ; 6       ;
; Rule T102: Top nodes with the highest number of fan-outs         ; vga_adapter:VGA|vga_controller:controller|yCounter[8]                                                         ; 6       ;
; Rule T102: Top nodes with the highest number of fan-outs         ; vga_adapter:VGA|vga_controller:controller|yCounter[6]                                                         ; 6       ;
; Rule T102: Top nodes with the highest number of fan-outs         ; vga_adapter:VGA|vga_controller:controller|yCounter[9]                                                         ; 5       ;
; Rule T102: Top nodes with the highest number of fan-outs         ; vga_adapter:VGA|vga_controller:controller|xCounter[9]                                                         ; 5       ;
; Rule T102: Top nodes with the highest number of fan-outs         ; vga_adapter:VGA|vga_controller:controller|xCounter[7]                                                         ; 5       ;
; Rule T102: Top nodes with the highest number of fan-outs         ; vga_adapter:VGA|vga_controller:controller|xCounter[8]                                                         ; 5       ;
; Rule T102: Top nodes with the highest number of fan-outs         ; vga_adapter:VGA|vga_controller:controller|vga_address_translator:controller_translator|mem_address[13]~16     ; 4       ;
; Rule T102: Top nodes with the highest number of fan-outs         ; vga_adapter:VGA|vga_controller:controller|yCounter[0]                                                         ; 4       ;
; Rule T102: Top nodes with the highest number of fan-outs         ; vga_adapter:VGA|vga_controller:controller|yCounter[1]                                                         ; 4       ;
; Rule T102: Top nodes with the highest number of fan-outs         ; vga_adapter:VGA|vga_controller:controller|vga_address_translator:controller_translator|mem_address[14]~18     ; 4       ;
; Rule T102: Top nodes with the highest number of fan-outs         ; vga_adapter:VGA|vga_controller:controller|xCounter[0]                                                         ; 3       ;
; Rule T102: Top nodes with the highest number of fan-outs         ; vga_adapter:VGA|altsyncram:VideoMemory|altsyncram_60g1:auto_generated|decode_e8a:rden_decode_b|w_anode166w[2] ; 3       ;
; Rule T102: Top nodes with the highest number of fan-outs         ; vga_adapter:VGA|altsyncram:VideoMemory|altsyncram_60g1:auto_generated|decode_e8a:rden_decode_b|w_anode157w[2] ; 3       ;
; Rule T102: Top nodes with the highest number of fan-outs         ; vga_adapter:VGA|vga_controller:controller|xCounter[1]                                                         ; 3       ;
; Rule T102: Top nodes with the highest number of fan-outs         ; vga_adapter:VGA|altsyncram:VideoMemory|altsyncram_60g1:auto_generated|decode_e8a:rden_decode_b|w_anode143w[2] ; 3       ;
; Rule T102: Top nodes with the highest number of fan-outs         ; vga_adapter:VGA|altsyncram:VideoMemory|altsyncram_60g1:auto_generated|out_address_reg_b[0]                    ; 3       ;
; Rule T102: Top nodes with the highest number of fan-outs         ; vga_adapter:VGA|vga_controller:controller|VGA_VS1~1                                                           ; 2       ;
; Rule T102: Top nodes with the highest number of fan-outs         ; vga_adapter:VGA|vga_controller:controller|yCounter[2]~6                                                       ; 1       ;
; Rule T102: Top nodes with the highest number of fan-outs         ; vga_adapter:VGA|vga_pll:mypll|altpll:altpll_component|pll~FBOUT                                               ; 1       ;
; Rule T102: Top nodes with the highest number of fan-outs         ; VGA_B[8]~output                                                                                               ; 1       ;
; Rule T102: Top nodes with the highest number of fan-outs         ; VGA_B[9]~output                                                                                               ; 1       ;
; Rule T102: Top nodes with the highest number of fan-outs         ; CLOCK_50                                                                                                      ; 1       ;
; Rule T102: Top nodes with the highest number of fan-outs         ; vga_adapter:VGA|altsyncram:VideoMemory|altsyncram_60g1:auto_generated|ram_block1a5                            ; 1       ;
; Rule T102: Top nodes with the highest number of fan-outs         ; vga_adapter:VGA|altsyncram:VideoMemory|altsyncram_60g1:auto_generated|ram_block1a2                            ; 1       ;
+------------------------------------------------------------------+---------------------------------------------------------------------------------------------------------------+---------+


+---------------------------+
; Design Assistant Messages ;
+---------------------------+
Info: *******************************************************************
Info: Running Quartus Prime Design Assistant
    Info: Version 17.1.0 Build 590 10/25/2017 SJ Lite Edition
    Info: Processing started: Mon Mar 12 15:02:39 2018
Info: Command: quartus_drc finalprojectverilog -c finalprojectverilog
Info (119006): Selected device EP4CE115F29C7 for design "finalprojectverilog"
Info (15535): Implemented PLL "vga_adapter:VGA|vga_pll:mypll|altpll:altpll_component|pll" as Cyclone IV E PLL type File: c:/intelfpga_lite/17.1/quartus/libraries/megafunctions/altpll.tdf Line: 920
    Info (15099): Implementing clock multiplication of 1, clock division of 2, and phase shift of 0 degrees (0 ps) for vga_adapter:VGA|vga_pll:mypll|altpll:altpll_component|_clk0 port File: c:/intelfpga_lite/17.1/quartus/libraries/megafunctions/altpll.tdf Line: 920
Warning (18550): Found RAM instances implemented as ROM because the write logic is disabled. One instance is listed below as an example.
    Info (119043): Atom "vga_adapter:VGA|altsyncram:VideoMemory|altsyncram_60g1:auto_generated|ram_block1a5" is instantiated as RAM, but it is actually implemented as ROM function because the write logic is always disabled
Warning (18236): Number of processors has not been specified which may cause overloading on shared machines.  Set the global assignment NUM_PARALLEL_PROCESSORS in your QSF to an appropriate value for best performance.
Critical Warning (332012): Synopsys Design Constraints File file not found: 'finalprojectverilog.sdc'. A Synopsys Design Constraints File is required by the TimeQuest Timing Analyzer to get proper timing constraints. Without it, the Compiler will not properly optimize the design.
Info (332144): No user constrained generated clocks found in the design
Info (332144): No user constrained base clocks found in the design
Info (332096): The command derive_clocks did not find any clocks to derive.  No clocks were created or changed.
Info (332143): No user constrained clock uncertainty found in the design. Calling "derive_clock_uncertainty"
Info (332154): The derive_clock_uncertainty command did not apply clock uncertainty to any clock-to-clock transfers.
Warning (308023): (Medium) Rule R102: External reset signals should be synchronized using two cascaded registers. Found 1 node(s) related to this rule.
    Warning (308010): Node  "KEY[0]" File: C:/Users/buzzcut/Desktop/schoolwork/spring_2018/b58/final project/project.v Line: 22
Info (308046): (Information) Rule T101: Nodes with more than the specified number of fan-outs. (Value defined:30). Found 2 node(s) with highest fan-out.
    Info (308011): Node  "vga_adapter:VGA|vga_pll:mypll|altpll:altpll_component|_clk0" File: c:/intelfpga_lite/17.1/quartus/libraries/megafunctions/altpll.tdf Line: 920
    Info (308011): Node  "~GND"
Info (308044): (Information) Rule T102: Top nodes with the highest number of fan-outs. (Value defined:50). Found 50 node(s) with highest fan-out.
    Info (308011): Node  "~GND"
    Info (308011): Node  "vga_adapter:VGA|vga_pll:mypll|altpll:altpll_component|_clk0" File: c:/intelfpga_lite/17.1/quartus/libraries/megafunctions/altpll.tdf Line: 920
    Info (308011): Node  "vga_adapter:VGA|vga_controller:controller|Equal0~2" File: C:/Users/buzzcut/Desktop/schoolwork/spring_2018/b58/final project/vga_adapter/vga_controller.v Line: 101
    Info (308011): Node  "vga_adapter:VGA|vga_controller:controller|xCounter[5]" File: C:/Users/buzzcut/Desktop/schoolwork/spring_2018/b58/final project/vga_adapter/vga_controller.v Line: 94
    Info (308011): Node  "vga_adapter:VGA|vga_controller:controller|xCounter[3]" File: C:/Users/buzzcut/Desktop/schoolwork/spring_2018/b58/final project/vga_adapter/vga_controller.v Line: 94
    Info (308011): Node  "vga_adapter:VGA|vga_controller:controller|xCounter[2]" File: C:/Users/buzzcut/Desktop/schoolwork/spring_2018/b58/final project/vga_adapter/vga_controller.v Line: 94
    Info (308011): Node  "vga_adapter:VGA|vga_controller:controller|xCounter[6]" File: C:/Users/buzzcut/Desktop/schoolwork/spring_2018/b58/final project/vga_adapter/vga_controller.v Line: 94
    Info (308011): Node  "vga_adapter:VGA|vga_controller:controller|xCounter[4]" File: C:/Users/buzzcut/Desktop/schoolwork/spring_2018/b58/final project/vga_adapter/vga_controller.v Line: 94
    Info (308011): Node  "vga_adapter:VGA|altsyncram:VideoMemory|altsyncram_60g1:auto_generated|mux_0nb:mux3|result_node[1]~3" File: C:/Users/buzzcut/Desktop/schoolwork/spring_2018/b58/final project/db/mux_0nb.tdf Line: 32
    Info (308011): Node  "vga_adapter:VGA|vga_controller:controller|always1~2"
    Info (308011): Node  "vga_adapter:VGA|altsyncram:VideoMemory|altsyncram_60g1:auto_generated|mux_0nb:mux3|result_node[0]~5" File: C:/Users/buzzcut/Desktop/schoolwork/spring_2018/b58/final project/db/mux_0nb.tdf Line: 32
    Info (308011): Node  "vga_adapter:VGA|altsyncram:VideoMemory|altsyncram_60g1:auto_generated|mux_0nb:mux3|result_node[2]~1" File: C:/Users/buzzcut/Desktop/schoolwork/spring_2018/b58/final project/db/mux_0nb.tdf Line: 32
    Info (308011): Node  "vga_adapter:VGA|vga_controller:controller|vga_address_translator:controller_translator|mem_address[9]~8" File: C:/Users/buzzcut/Desktop/schoolwork/spring_2018/b58/final project/vga_adapter/vga_address_translator.v Line: 15
    Info (308011): Node  "vga_adapter:VGA|vga_controller:controller|vga_address_translator:controller_translator|mem_address[7]~4" File: C:/Users/buzzcut/Desktop/schoolwork/spring_2018/b58/final project/vga_adapter/vga_address_translator.v Line: 15
    Info (308011): Node  "vga_adapter:VGA|vga_controller:controller|vga_address_translator:controller_translator|mem_address[6]~2" File: C:/Users/buzzcut/Desktop/schoolwork/spring_2018/b58/final project/vga_adapter/vga_address_translator.v Line: 15
    Info (308011): Node  "vga_adapter:VGA|vga_controller:controller|vga_address_translator:controller_translator|mem_address[10]~10" File: C:/Users/buzzcut/Desktop/schoolwork/spring_2018/b58/final project/vga_adapter/vga_address_translator.v Line: 15
    Info (308011): Node  "vga_adapter:VGA|vga_controller:controller|vga_address_translator:controller_translator|mem_address[8]~6" File: C:/Users/buzzcut/Desktop/schoolwork/spring_2018/b58/final project/vga_adapter/vga_address_translator.v Line: 15
    Info (308011): Node  "vga_adapter:VGA|vga_controller:controller|vga_address_translator:controller_translator|mem_address[11]~12" File: C:/Users/buzzcut/Desktop/schoolwork/spring_2018/b58/final project/vga_adapter/vga_address_translator.v Line: 15
    Info (308011): Node  "vga_adapter:VGA|vga_controller:controller|vga_address_translator:controller_translator|mem_address[5]~0" File: C:/Users/buzzcut/Desktop/schoolwork/spring_2018/b58/final project/vga_adapter/vga_address_translator.v Line: 15
    Info (308011): Node  "vga_adapter:VGA|altsyncram:VideoMemory|altsyncram_60g1:auto_generated|out_address_reg_b[1]" File: C:/Users/buzzcut/Desktop/schoolwork/spring_2018/b58/final project/db/altsyncram_60g1.tdf Line: 45
    Info (308011): Node  "vga_adapter:VGA|vga_controller:controller|yCounter[4]" File: C:/Users/buzzcut/Desktop/schoolwork/spring_2018/b58/final project/vga_adapter/vga_controller.v Line: 108
    Info (308011): Node  "vga_adapter:VGA|vga_controller:controller|yCounter[5]" File: C:/Users/buzzcut/Desktop/schoolwork/spring_2018/b58/final project/vga_adapter/vga_controller.v Line: 108
    Info (308011): Node  "vga_adapter:VGA|vga_controller:controller|vga_address_translator:controller_translator|mem_address[12]~14" File: C:/Users/buzzcut/Desktop/schoolwork/spring_2018/b58/final project/vga_adapter/vga_address_translator.v Line: 15
    Info (308011): Node  "vga_adapter:VGA|vga_controller:controller|yCounter[3]" File: C:/Users/buzzcut/Desktop/schoolwork/spring_2018/b58/final project/vga_adapter/vga_controller.v Line: 108
    Info (308011): Node  "vga_adapter:VGA|vga_controller:controller|yCounter[7]" File: C:/Users/buzzcut/Desktop/schoolwork/spring_2018/b58/final project/vga_adapter/vga_controller.v Line: 108
    Info (308011): Node  "vga_adapter:VGA|vga_controller:controller|yCounter[2]" File: C:/Users/buzzcut/Desktop/schoolwork/spring_2018/b58/final project/vga_adapter/vga_controller.v Line: 108
    Info (308011): Node  "vga_adapter:VGA|vga_controller:controller|yCounter[8]" File: C:/Users/buzzcut/Desktop/schoolwork/spring_2018/b58/final project/vga_adapter/vga_controller.v Line: 108
    Info (308011): Node  "vga_adapter:VGA|vga_controller:controller|yCounter[6]" File: C:/Users/buzzcut/Desktop/schoolwork/spring_2018/b58/final project/vga_adapter/vga_controller.v Line: 108
    Info (308011): Node  "vga_adapter:VGA|vga_controller:controller|yCounter[9]" File: C:/Users/buzzcut/Desktop/schoolwork/spring_2018/b58/final project/vga_adapter/vga_controller.v Line: 108
    Info (308011): Node  "vga_adapter:VGA|vga_controller:controller|xCounter[9]" File: C:/Users/buzzcut/Desktop/schoolwork/spring_2018/b58/final project/vga_adapter/vga_controller.v Line: 94
    Info (308002): Truncated list of Design Assistant messages to 30 messages. Go to sections under Design Assistant section of Compilation Report for complete lists of Design Assistant messages generated.
Info (308006): Design Assistant information: finished post-synthesis analysis of current design -- generated 52 information messages and 1 warning messages
Info: Quartus Prime Design Assistant was successful. 0 errors, 5 warnings
    Info: Peak virtual memory: 676 megabytes
    Info: Processing ended: Mon Mar 12 15:02:46 2018
    Info: Elapsed time: 00:00:07
    Info: Total CPU time (on all processors): 00:00:06


